
2019 March 17, 21:39:50 > Server start
====================Server start====================

2019 March 17, 21:39:56 > Connection from: ('127.0.0.1', 50516).
2019 March 17, 21:39:56 > Received data: {'key': '123456', 'name': 'anon', 'string': 'ping'}.
2019 March 17, 21:39:56 > [OK] Data validated.

2019 March 17, 22:14:38 > Server start
====================Server start====================

2019 March 17, 22:14:55 > Connection from: ('127.0.0.1', 52690).
2019 March 17, 22:14:55 > Received data: {'key': '123456', 'name': 'anon', 'string': 'ping'}.
2019 March 17, 22:14:55 > [OK] Data validated.

2019 March 17, 22:25:01 > Server start
====================Server start====================

2019 March 17, 22:25:21 > Connection from: ('127.0.0.1', 53200).
2019 March 17, 22:25:21 > Received data: {'key': '123456', 'name': 'anon', 'string': 'ping'}.
2019 March 17, 22:25:21 > [OK] Data validated.

2019 March 17, 22:25:27 > Connection from: ('127.0.0.1', 53205).
2019 March 17, 22:25:27 > Received data: {'key': '123456', 'name': 'anon', 'string': 'sleep fag'}.
2019 March 17, 22:25:27 > [OK] Data validated.

2019 March 17, 22:25:33 > Connection from: ('127.0.0.1', 53211).
2019 March 17, 22:25:33 > Received data: {'key': '123456', 'name': 'anon', 'string': 'sleep 1fag'}.
2019 March 17, 22:25:33 > [OK] Data validated.

2019 March 17, 22:25:38 > Connection from: ('127.0.0.1', 53218).
2019 March 17, 22:25:38 > Received data: {'key': '123456', 'name': 'anon', 'string': 'sleep -1'}.
2019 March 17, 22:25:38 > [OK] Data validated.

2019 March 17, 22:25:50 > Connection from: ('127.0.0.1', 53228).
2019 March 17, 22:25:50 > Received data: {'key': '123456', 'name': 'anon', 'string': 'ping'}.
2019 March 17, 22:25:50 > [OK] Data validated.
